{"level":"info","message":"GET en /cart - 2024-03-09T18:19:12.161Z"}
{"level":"info","message":"GET en /js/cart.js - 2024-03-09T18:19:12.851Z"}
{"level":"info","message":"GET en /products - 2024-03-09T18:19:13.724Z"}
{"level":"info","message":"GET en /js/cart.js - 2024-03-09T18:19:13.946Z"}
{"level":"info","message":"POST en /api/carts/product/65ea4b9b5645767d70a0cd35 - 2024-03-09T18:19:15.680Z"}
{"level":"info","message":"GET en /cart - 2024-03-09T18:19:16.720Z"}
{"level":"info","message":"GET en /js/cart.js - 2024-03-09T18:19:17.047Z"}
{"level":"info","message":"POST en /api/carts/65e623d1a9776a23fab1b36c/purchase - 2024-03-09T18:19:19.376Z"}
{"level":"info","message":"GET en /tiket/anahigmolina@gmail.com - 2024-03-09T18:19:20.680Z"}
{"level":"info","message":"GET en /tiket/anahigmolina@gmail.com - 2024-03-09T18:19:21.115Z"}
{"level":"info","message":"GET en /products - 2024-03-09T18:20:19.946Z"}
{"level":"info","message":"GET en /js/cart.js - 2024-03-09T18:20:20.131Z"}
{"level":"info","message":"GET en /api/sessions/logout - 2024-03-09T19:08:50.071Z"}
{"level":"info","message":"GET en /login - 2024-03-09T19:08:50.076Z"}
{"level":"info","message":"GET en /js/login.js - 2024-03-09T19:08:50.116Z"}
{"level":"info","message":"GET en /register - 2024-03-09T19:08:53.738Z"}
{"level":"info","message":"GET en /js/register.js - 2024-03-09T19:08:53.774Z"}
{"level":"info","message":"POST en /api/sessions/register - 2024-03-09T19:08:59.383Z"}
{"level":"info","message":"GET en /login - 2024-03-09T19:09:00.688Z"}
{"level":"info","message":"GET en /js/login.js - 2024-03-09T19:09:00.733Z"}
{"level":"info","message":"POST en /api/sessions/login - 2024-03-09T19:09:02.951Z"}
{"level":"info","message":"GET en /products - 2024-03-09T19:09:03.591Z"}
{"level":"info","message":"GET en /js/cart.js - 2024-03-09T19:09:03.773Z"}
{"level":"info","message":"POST en /api/carts/product/65ea4b9b5645767d70a0cd35 - 2024-03-09T19:09:05.222Z"}
{"level":"info","message":"GET en /cart - 2024-03-09T19:09:06.701Z"}
{"level":"info","message":"GET en /js/cart.js - 2024-03-09T19:09:07.024Z"}
{"level":"info","message":"POST en /api/carts/65ecb3cb9d972a979dfe7771/purchase - 2024-03-09T19:09:10.069Z"}
{"level":"info","message":"GET en /tiket/a - 2024-03-09T19:09:11.411Z"}
{"level":"info","message":"GET en /tiket/a - 2024-03-09T19:09:11.862Z"}
{"level":"info","message":"GET en /products - 2024-03-09T19:09:15.954Z"}
{"level":"info","message":"GET en /js/cart.js - 2024-03-09T19:09:16.130Z"}
{"level":"info","message":"GET en /cart - 2024-03-09T19:09:19.640Z"}
{"level":"info","message":"GET en /js/cart.js - 2024-03-09T19:09:19.823Z"}
{"level":"info","message":"GET en /products - 2024-03-09T19:09:21.312Z"}
{"level":"info","message":"GET en /js/cart.js - 2024-03-09T19:09:21.495Z"}
{"level":"info","message":"GET en /api/sessions/logout - 2024-03-09T19:09:22.892Z"}
{"level":"info","message":"GET en /login - 2024-03-09T19:09:22.896Z"}
{"level":"info","message":"GET en /js/login.js - 2024-03-09T19:09:22.933Z"}
{"level":"info","message":"POST en /api/sessions/login - 2024-03-09T19:09:26.906Z"}
{"level":"info","message":"GET en /products - 2024-03-09T19:09:27.568Z"}
{"level":"info","message":"GET en /js/cart.js - 2024-03-09T19:09:27.745Z"}
{"level":"info","message":"GET en /controlpanel - 2024-03-09T19:09:30.305Z"}
{"level":"info","message":"GET en /js/controlpanel.js - 2024-03-09T19:09:30.516Z"}
{"level":"info","message":"PUT en /api/sessions/premium/65ecb3cb9d972a979dfe776f - 2024-03-09T19:09:38.318Z"}
{"level":"fatal","message":"Error al intentar cambiar el rol del usuario"}
{"level":"info","message":"PUT en /api/sessions/premium/65e623e1a9776a23fab1b370 - 2024-03-09T19:09:41.685Z"}
{"level":"info","message":"PUT en /api/sessions/premium/65e623e1a9776a23fab1b370 - 2024-03-09T19:09:46.589Z"}
{"level":"info","message":"DELETE en /api/sessions/65ecb3cb9d972a979dfe776f - 2024-03-09T19:09:49.755Z"}
{"level":"info","message":"GET en /controlpanel - 2024-03-09T19:09:51.011Z"}
{"level":"info","message":"GET en /js/controlpanel.js - 2024-03-09T19:09:51.175Z"}
{"level":"info","message":"GET en /api/sessions/logout - 2024-03-09T19:09:52.676Z"}
{"level":"info","message":"GET en /login - 2024-03-09T19:09:52.680Z"}
{"level":"info","message":"GET en /js/login.js - 2024-03-09T19:09:52.712Z"}
