{"level":"info","message":"GET en /login - 2024-02-20T18:30:09.826Z"}
{"level":"info","message":"GET en /js/login.js - 2024-02-20T18:30:09.872Z"}
{"level":"info","message":"GET en /login - 2024-02-20T19:14:49.126Z"}
{"level":"info","message":"GET en /js/login.js - 2024-02-20T19:14:49.221Z"}
{"level":"info","message":"POST en /api/sessions/login - 2024-02-20T19:15:01.530Z"}
{"level":"info","message":"GET en /products - 2024-02-20T19:15:02.031Z"}
{"level":"info","message":"GET en /js/cart.js - 2024-02-20T19:15:02.223Z"}
{"level":"info","message":"GET en /login - 2024-02-20T19:35:35.299Z"}
{"level":"info","message":"GET en /js/login.js - 2024-02-20T19:35:35.397Z"}
{"level":"info","message":"GET en /register - 2024-02-20T19:35:40.034Z"}
{"level":"info","message":"GET en /js/register.js - 2024-02-20T19:35:40.064Z"}
{"level":"info","message":"POST en /api/sessions/register - 2024-02-20T19:35:52.602Z"}
{"level":"info","message":"GET en /login - 2024-02-20T19:35:53.291Z"}
{"level":"info","message":"GET en /js/login.js - 2024-02-20T19:35:53.323Z"}
{"level":"info","message":"POST en /api/sessions/login - 2024-02-20T19:35:58.271Z"}
{"level":"info","message":"GET en /products - 2024-02-20T19:35:58.923Z"}
{"level":"info","message":"GET en /js/cart.js - 2024-02-20T19:35:59.103Z"}
{"level":"info","message":"GET en /api/sessions/logout - 2024-02-20T19:36:32.899Z"}
{"level":"info","message":"GET en /login - 2024-02-20T19:36:32.906Z"}
{"level":"info","message":"GET en /js/login.js - 2024-02-20T19:36:32.943Z"}
{"level":"info","message":"POST en /api/sessions/login - 2024-02-20T19:36:43.465Z"}
{"level":"info","message":"GET en /products - 2024-02-20T19:36:44.110Z"}
{"level":"info","message":"GET en /js/cart.js - 2024-02-20T19:36:44.283Z"}
{"level":"info","message":"GET en /products - 2024-02-20T19:39:16.412Z"}
{"level":"info","message":"GET en /js/cart.js - 2024-02-20T19:39:16.617Z"}
{"level":"info","message":"GET en /api/sessions/logout - 2024-02-20T19:39:17.531Z"}
{"level":"info","message":"GET en /login - 2024-02-20T19:39:17.538Z"}
{"level":"info","message":"GET en /js/login.js - 2024-02-20T19:39:17.573Z"}
{"level":"info","message":"POST en /api/sessions/login - 2024-02-20T19:39:21.019Z"}
{"level":"error","message":"usuario no encontrado o contraseña incorrecta"}
{"level":"fatal","message":"Error al intentar iniciar sesion"}
{"level":"info","message":"GET en /login - 2024-02-20T19:39:21.182Z"}
{"level":"info","message":"GET en /js/login.js - 2024-02-20T19:39:21.213Z"}
{"level":"info","message":"GET en /register - 2024-02-20T19:39:23.635Z"}
{"level":"info","message":"GET en /js/register.js - 2024-02-20T19:39:23.662Z"}
{"level":"info","message":"POST en /api/sessions/register - 2024-02-20T19:39:31.478Z"}
{"level":"info","message":"GET en /login - 2024-02-20T19:39:32.141Z"}
{"level":"info","message":"GET en /js/login.js - 2024-02-20T19:39:32.170Z"}
{"level":"info","message":"POST en /api/sessions/login - 2024-02-20T19:39:36.192Z"}
{"level":"info","message":"GET en /products - 2024-02-20T19:39:36.835Z"}
{"level":"info","message":"GET en /js/cart.js - 2024-02-20T19:39:37.010Z"}
{"level":"info","message":"GET en /login - 2024-02-22T19:08:03.284Z"}
{"level":"info","message":"GET en /js/login.js - 2024-02-22T19:08:03.400Z"}
{"level":"info","message":"GET en /favicon.ico - 2024-02-22T19:08:03.429Z"}
{"level":"info","message":"POST en /api/sessions/login - 2024-02-22T19:08:08.687Z"}
{"level":"info","message":"GET en /products - 2024-02-22T19:08:09.471Z"}
{"level":"info","message":"GET en /js/cart.js - 2024-02-22T19:08:09.656Z"}
{"level":"info","message":"POST en /api/sessions/65b190505843bb4578c6b385/documents - 2024-02-22T19:13:09.210Z"}
{"level":"info","message":"POST en /api/sessions/65b190505843bb4578c6b385/documents - 2024-02-22T19:13:35.676Z"}
{"level":"info","message":"POST en /api/sessions/65b190505843bb4578c6b385/documents - 2024-02-22T19:14:16.489Z"}
{"level":"info","message":"POST en /api/sessions/65b190505843bb4578c6b385/documents - 2024-02-22T19:16:12.495Z"}
{"level":"info","message":"POST en /api/sessions/65b190505843bb4578c6b385/documents - 2024-02-22T19:17:24.797Z"}
{"level":"info","message":"POST en /api/sessions/65b190505843bb4578c6b385/documents - 2024-02-22T19:17:29.471Z"}
{"level":"info","message":"POST en /api/sessions/65b190505843bb4578c6b385/documents - 2024-02-22T19:17:44.311Z"}
{"level":"info","message":"POST en /api/sessions/65b190505843bb4578c6b385/documents - 2024-02-23T11:25:37.410Z"}
{"level":"info","message":"POST en /api/sessions/65b190505843bb4578c6b385/documents - 2024-02-23T11:26:10.458Z"}
{"level":"info","message":"POST en /api/sessions/65b190505843bb4578c6b385/documents - 2024-02-23T11:27:52.301Z"}
{"level":"info","message":"POST en /api/sessions/65b190505843bb4578c6b385/documents - 2024-02-23T11:36:58.648Z"}
{"level":"info","message":"POST en /api/sessions/65b190505843bb4578c6b385/documents - 2024-02-23T11:37:58.980Z"}
{"level":"info","message":"POST en /api/sessions/65b190505843bb4578c6b385/documents - 2024-02-23T11:38:57.898Z"}
{"level":"info","message":"POST en /api/sessions/65b190505843bb4578c6b385/documents - 2024-02-23T11:41:16.180Z"}
{"level":"info","message":"POST en /api/sessions/65b190505843bb4578c6b385/documents - 2024-02-23T11:42:00.724Z"}
{"level":"info","message":"POST en /api/sessions/65b190505843bb4578c6b385/documents - 2024-02-23T11:43:25.237Z"}
{"level":"info","message":"POST en /api/sessions/65b190505843bb4578c6b385/documents - 2024-02-23T11:44:19.237Z"}
{"level":"info","message":"POST en /api/sessions/65b190505843bb4578c6b385/documents - 2024-02-23T20:37:49.737Z"}
{"level":"fatal","message":"uploadedFilesService is not defined"}
{"level":"info","message":"POST en /api/sessions/65b190505843bb4578c6b385/documents - 2024-02-23T20:38:22.401Z"}
{"level":"info","message":"POST en /api/sessions/65b190505843bb4578c6b385/documents - 2024-02-23T20:40:56.471Z"}
{"level":"info","message":"POST en /api/sessions/65b190505843bb4578c6b385/documents - 2024-02-23T20:44:06.738Z"}
{"level":"info","message":"POST en /api/sessions/65b190505843bb4578c6b385/documents - 2024-02-23T20:44:39.525Z"}
{"level":"info","message":"POST en /api/sessions/65b190505843bb4578c6b385/documents - 2024-02-23T20:45:03.395Z"}
{"level":"info","message":"POST en /api/sessions/65b190505843bb4578c6b385/documents - 2024-02-23T20:46:31.383Z"}
{"level":"info","message":"POST en /api/sessions/65b190505843bb4578c6b385/documents - 2024-02-23T20:46:47.909Z"}
{"level":"info","message":"POST en /api/sessions/65b190505843bb4578c6b385/documents - 2024-02-23T20:47:22.616Z"}
{"level":"info","message":"POST en /api/sessions/65b190505843bb4578c6b385/documents - 2024-02-23T20:48:02.046Z"}
{"level":"info","message":"POST en /api/sessions/65b190505843bb4578c6b385/documents - 2024-02-23T20:52:42.608Z"}
{"level":"fatal","message":"Cannot read properties of undefined (reading 'filename')"}
{"level":"info","message":"POST en /api/sessions/65b190505843bb4578c6b385/documents - 2024-02-23T20:54:42.567Z"}
{"level":"fatal","message":"Cannot read properties of undefined (reading 'filename')"}
{"level":"info","message":"POST en /api/sessions/65b190505843bb4578c6b385/documents - 2024-02-23T20:55:01.014Z"}
{"level":"info","message":"POST en /api/sessions/65b190505843bb4578c6b385/documents - 2024-02-23T20:56:26.344Z"}
{"level":"info","message":"POST en /api/sessions/65b190505843bb4578c6b385/documents - 2024-02-23T20:56:58.548Z"}
{"level":"info","message":"POST en /api/sessions/65b190505843bb4578c6b385/documents - 2024-02-23T21:03:56.036Z"}
{"level":"info","message":"POST en /api/sessions/65b190505843bb4578c6b385/documents - 2024-02-23T21:04:11.729Z"}
{"level":"info","message":"POST en /api/sessions/65b190505843bb4578c6b385/documents - 2024-02-23T21:10:22.494Z"}
{"level":"info","message":"POST en /api/sessions/65b190505843bb4578c6b385/documents - 2024-02-24T17:05:52.375Z"}
{"level":"fatal","message":"Cannot read properties of undefined (reading 'filename')"}
{"level":"info","message":"POST en /api/sessions/65b190505843bb4578c6b385/documents - 2024-02-24T17:06:47.085Z"}
{"level":"info","message":"POST en /api/sessions/65b190505843bb4578c6b385/documents - 2024-02-24T17:07:04.582Z"}
{"level":"info","message":"POST en /api/sessions/65b190505843bb4578c6b385/documents - 2024-02-24T17:07:25.548Z"}
{"level":"info","message":"POST en /api/sessions/65b190505843bb4578c6b385/documents - 2024-02-24T17:10:20.178Z"}
{"level":"info","message":"POST en /api/sessions/65b190505843bb4578c6b385/documents - 2024-02-24T17:12:16.558Z"}
{"level":"info","message":"POST en /api/sessions/65b190505843bb4578c6b385/documents - 2024-02-24T17:15:06.932Z"}
{"level":"info","message":"POST en /api/sessions/65b190505843bb4578c6b385/documents - 2024-02-24T17:15:22.629Z"}
{"level":"info","message":"POST en /api/sessions/65b190505843bb4578c6b385/documents - 2024-02-24T17:15:33.911Z"}
{"level":"info","message":"POST en /api/sessions/65b190505843bb4578c6b385/documents - 2024-02-24T17:16:00.986Z"}
{"level":"info","message":"POST en /api/sessions/65b190505843bb4578c6b385/documents - 2024-02-24T17:20:50.797Z"}
{"level":"info","message":"POST en /api/sessions/65b190505843bb4578c6b385/documents - 2024-02-24T17:21:12.110Z"}
{"level":"info","message":"POST en /api/sessions/65b190505843bb4578c6b385/documents - 2024-02-24T17:29:06.484Z"}
{"level":"info","message":"GET en /img/documents/1708795746493-identificacion.jpg - 2024-02-24T17:29:24.626Z"}
{"level":"info","message":"POST en /api/sessions/65b190505843bb4578c6b385/documents - 2024-02-24T17:30:03.707Z"}
{"level":"info","message":"GET en /static-files/img/documents/1708795803718-identificacion.jpg - 2024-02-24T17:30:21.443Z"}
{"level":"info","message":"POST en /api/sessions/65b190505843bb4578c6b385/documents - 2024-02-24T17:31:44.969Z"}
{"level":"info","message":"GET en /static-files/uploads/documents/1708795904980-identificacion.jpg - 2024-02-24T17:31:52.718Z"}
{"level":"info","message":"GET en /static-files/uploads/documents/1708795904980-identificacion.jpg - 2024-02-24T17:35:27.973Z"}
{"level":"info","message":"POST en /api/sessions/65b190505843bb4578c6b385/documents - 2024-02-24T17:36:29.361Z"}
{"level":"info","message":"GET en /uploads/documents/1708796189370-identificacion.jpg - 2024-02-24T17:36:38.766Z"}
{"level":"info","message":"GET en /favicon.ico - 2024-02-24T17:36:38.815Z"}
{"level":"info","message":"GET en /uploads/documents/1708796189370-identificacion.jpg - 2024-02-24T17:37:00.894Z"}
{"level":"info","message":"POST en /api/sessions/65b190505843bb4578c6b385/documents - 2024-02-24T17:37:24.440Z"}
{"level":"info","message":"GET en /uploads/documents/1708796244442-banco.jpg - 2024-02-24T17:37:33.434Z"}
{"level":"info","message":"GET en /login - 2024-02-24T17:44:38.155Z"}
{"level":"info","message":"GET en /js/login.js - 2024-02-24T17:44:38.240Z"}
{"level":"info","message":"POST en /api/sessions/login - 2024-02-24T17:45:32.545Z"}
{"level":"info","message":"GET en /login - 2024-02-24T17:45:32.670Z"}
{"level":"info","message":"GET en /js/login.js - 2024-02-24T17:45:32.694Z"}
{"level":"info","message":"POST en /api/sessions/login - 2024-02-24T17:45:53.987Z"}
{"level":"info","message":"GET en /login - 2024-02-24T17:45:53.998Z"}
{"level":"info","message":"GET en /js/login.js - 2024-02-24T17:45:54.021Z"}
{"level":"info","message":"GET en /login - 2024-02-24T17:46:22.825Z"}
{"level":"info","message":"GET en /js/login.js - 2024-02-24T17:46:22.845Z"}
{"level":"info","message":"GET en /register - 2024-02-24T17:46:27.280Z"}
{"level":"info","message":"GET en /js/register.js - 2024-02-24T17:46:27.314Z"}
{"level":"info","message":"POST en /api/sessions/register - 2024-02-24T17:46:36.594Z"}
{"level":"info","message":"GET en /register - 2024-02-24T17:46:36.604Z"}
{"level":"info","message":"GET en /js/register.js - 2024-02-24T17:46:36.627Z"}
{"level":"info","message":"GET en /login - 2024-02-24T17:47:27.177Z"}
{"level":"info","message":"GET en /js/login.js - 2024-02-24T17:47:27.235Z"}
{"level":"info","message":"POST en /api/sessions/login - 2024-02-24T17:47:33.237Z"}
{"level":"info","message":"GET en /products - 2024-02-24T17:47:33.900Z"}
{"level":"info","message":"GET en /js/cart.js - 2024-02-24T17:47:34.103Z"}
{"level":"info","message":"GET en /api/sessions/logout - 2024-02-24T17:47:40.033Z"}
{"level":"info","message":"GET en /login - 2024-02-24T17:47:40.039Z"}
{"level":"info","message":"GET en /js/login.js - 2024-02-24T17:47:40.078Z"}
{"level":"info","message":"POST en /api/sessions/login - 2024-02-24T17:47:44.856Z"}
{"level":"info","message":"GET en /products - 2024-02-24T17:47:45.499Z"}
{"level":"info","message":"GET en /js/cart.js - 2024-02-24T17:47:45.677Z"}
{"level":"info","message":"POST en /api/sessions/65d4fff353abc1aad56b8a2d/documents - 2024-02-24T17:48:29.324Z"}
{"level":"info","message":"POST en /api/sessions/65d4fff353abc1aad56b8a2d/documents - 2024-02-24T17:52:29.861Z"}
{"level":"info","message":"POST en /api/sessions/65d4fff353abc1aad56b8a2d/documents - 2024-02-24T17:53:02.605Z"}
{"level":"info","message":"POST en /api/sessions/65d4fff353abc1aad56b8a2d/documents - 2024-02-24T18:01:33.080Z"}
{"level":"info","message":"POST en /api/sessions/65d4fff353abc1aad56b8a2d/documents - 2024-02-24T18:01:45.832Z"}
{"level":"info","message":"POST en /api/sessions/65d4fff353abc1aad56b8a2d/documents - 2024-02-24T18:02:36.712Z"}
{"level":"info","message":"POST en /api/sessions/65d4fff353abc1aad56b8a2d/documents - 2024-02-24T18:03:23.805Z"}
{"level":"info","message":"POST en /api/sessions/65d4fff353abc1aad56b8a2d/documents - 2024-02-24T18:07:59.733Z"}
{"level":"fatal","message":"userRepository.existFile is not a function"}
{"level":"info","message":"POST en /api/sessions/65d4fff353abc1aad56b8a2d/documents - 2024-02-24T18:08:45.660Z"}
{"level":"info","message":"POST en /api/sessions/65d4fff353abc1aad56b8a2d/documents - 2024-02-24T18:08:50.742Z"}
{"level":"info","message":"POST en /api/sessions/65d4fff353abc1aad56b8a2d/documents - 2024-02-24T18:56:20.317Z"}
{"level":"info","message":"POST en /api/sessions/65d4fff353abc1aad56b8a2d/documents - 2024-02-24T18:56:22.982Z"}
{"level":"info","message":"PUT en /api/sessions/premium/6596c52345411b891229b9a7 - 2024-02-24T18:56:30.420Z"}
{"level":"info","message":"PUT en /api/sessions/premium/65d4fff353abc1aad56b8a2d - 2024-02-24T18:56:49.427Z"}
{"level":"info","message":"PUT en /api/sessions/premium/65d4fff353abc1aad56b8a2d - 2024-02-24T19:01:16.318Z"}
{"level":"info","message":"PUT en /api/sessions/premium/65d4fff353abc1aad56b8a2d - 2024-02-24T19:01:29.281Z"}
{"level":"info","message":"PUT en /api/sessions/premium/65d4fff353abc1aad56b8a2d - 2024-02-24T19:03:47.931Z"}
{"level":"info","message":"POST en /api/sessions/65d4fff353abc1aad56b8a2d/documents - 2024-02-24T19:04:08.696Z"}
{"level":"info","message":"POST en /api/sessions/65d4fff353abc1aad56b8a2d/documents - 2024-02-24T19:04:15.505Z"}
{"level":"info","message":"PUT en /api/sessions/premium/65d4fff353abc1aad56b8a2d - 2024-02-24T19:04:18.924Z"}
{"level":"info","message":"PUT en /api/sessions/premium/65d4fff353abc1aad56b8a2d - 2024-02-24T19:04:22.654Z"}
{"level":"info","message":"POST en /api/sessions/65d4fff353abc1aad56b8a2d/documents - 2024-02-24T19:04:28.728Z"}
